Flow report for hw3
Mon Mar 07 22:04:43 2022
Quartus Prime Version 17.1.0 Build 590 10/25/2017 SJ Lite Edition


---------------------
; Table of Contents ;
---------------------
  1. Legal Notice
  2. Flow Summary
  3. Flow Settings
  4. Flow Non-Default Global Settings
  5. Flow Elapsed Time
  6. Flow OS Summary
  7. Flow Log
  8. Flow Messages
  9. Flow Suppressed Messages



----------------
; Legal Notice ;
----------------
Copyright (C) 2017  Intel Corporation. All rights reserved.
Your use of Intel Corporation's design tools, logic functions 
and other software and tools, and its AMPP partner logic 
functions, and any output files from any of the foregoing 
(including device programming or simulation files), and any 
associated documentation or information are expressly subject 
to the terms and conditions of the Intel Program License 
Subscription Agreement, the Intel Quartus Prime License Agreement,
the Intel FPGA IP License Agreement, or other applicable license
agreement, including, without limitation, that your use is for
the sole purpose of programming logic devices manufactured by
Intel and sold by Intel or its authorized distributors.  Please
refer to the applicable agreement for further details.



+----------------------------------------------------------------------------------+
; Flow Summary                                                                     ;
+------------------------------------+---------------------------------------------+
; Flow Status                        ; Successful - Mon Mar 07 22:04:34 2022       ;
; Quartus Prime Version              ; 17.1.0 Build 590 10/25/2017 SJ Lite Edition ;
; Revision Name                      ; hw3                                         ;
; Top-level Entity Name              ; hw3                                         ;
; Family                             ; Cyclone IV E                                ;
; Device                             ; EP4CE115F29C7                               ;
; Timing Models                      ; Final                                       ;
; Total logic elements               ; 4,475 / 114,480 ( 4 % )                     ;
;     Total combinational functions  ; 3,977 / 114,480 ( 3 % )                     ;
;     Dedicated logic registers      ; 2,704 / 114,480 ( 2 % )                     ;
; Total registers                    ; 2843                                        ;
; Total pins                         ; 143 / 529 ( 27 % )                          ;
; Total virtual pins                 ; 0                                           ;
; Total memory bits                  ; 97,280 / 3,981,312 ( 2 % )                  ;
; Embedded Multiplier 9-bit elements ; 4 / 532 ( < 1 % )                           ;
; Total PLLs                         ; 0 / 4 ( 0 % )                               ;
+------------------------------------+---------------------------------------------+


+-----------------------------------------+
; Flow Settings                           ;
+-------------------+---------------------+
; Option            ; Setting             ;
+-------------------+---------------------+
; Start date & time ; 03/07/2022 22:02:14 ;
; Main task         ; Compilation         ;
; Revision Name     ; hw3                 ;
+-------------------+---------------------+


+--------------------------------------------------------------------------------------------------------------------------------------------+
; Flow Non-Default Global Settings                                                                                                           ;
+-------------------------------------+-----------------------------------------------------------+---------------+-------------+------------+
; Assignment Name                     ; Value                                                     ; Default Value ; Entity Name ; Section Id ;
+-------------------------------------+-----------------------------------------------------------+---------------+-------------+------------+
; COMPILER_SIGNATURE_ID               ; 229549759685482.164671933413780                           ; --            ; --          ; --         ;
; MAX_CORE_JUNCTION_TEMP              ; 85                                                        ; --            ; --          ; --         ;
; MIN_CORE_JUNCTION_TEMP              ; 0                                                         ; --            ; --          ; --         ;
; MISC_FILE                           ; hw3proc/synthesis/../hw3proc.cmp                          ; --            ; --          ; --         ;
; MISC_FILE                           ; hw3proc/synthesis/../../hw3proc.qsys                      ; --            ; --          ; --         ;
; NOMINAL_CORE_SUPPLY_VOLTAGE         ; 1.2V                                                      ; --            ; --          ; --         ;
; PARTITION_COLOR                     ; -- (Not supported for targeted family)                    ; --            ; --          ; Top        ;
; PARTITION_FITTER_PRESERVATION_LEVEL ; -- (Not supported for targeted family)                    ; --            ; --          ; Top        ;
; PARTITION_NETLIST_TYPE              ; -- (Not supported for targeted family)                    ; --            ; --          ; Top        ;
; POWER_BOARD_THERMAL_MODEL           ; None (CONSERVATIVE)                                       ; --            ; --          ; --         ;
; POWER_PRESET_COOLING_SOLUTION       ; 23 MM HEAT SINK WITH 200 LFPM AIRFLOW                     ; --            ; --          ; --         ;
; PROJECT_OUTPUT_DIRECTORY            ; output_files                                              ; --            ; --          ; --         ;
; SLD_FILE                            ; hw3proc/synthesis/hw3proc.regmap                          ; --            ; --          ; --         ;
; SLD_FILE                            ; hw3proc/synthesis/hw3proc.debuginfo                       ; --            ; --          ; --         ;
; SLD_INFO                            ; QSYS_NAME hw3proc HAS_SOPCINFO 1 GENERATION_ID 1646718024 ; --            ; hw3proc     ; --         ;
; SOPCINFO_FILE                       ; hw3proc/synthesis/../../hw3proc.sopcinfo                  ; --            ; --          ; --         ;
; SYNTHESIS_ONLY_QIP                  ; On                                                        ; --            ; --          ; --         ;
+-------------------------------------+-----------------------------------------------------------+---------------+-------------+------------+


+-------------------------------------------------------------------------------------------------------------------------------+
; Flow Elapsed Time                                                                                                             ;
+---------------------------+--------------+-------------------------+---------------------+------------------------------------+
; Module Name               ; Elapsed Time ; Average Processors Used ; Peak Virtual Memory ; Total CPU Time (on all processors) ;
+---------------------------+--------------+-------------------------+---------------------+------------------------------------+
; Analysis & Synthesis      ; 00:01:24     ; 1.0                     ; 5007 MB             ; 00:02:07                           ;
; Fitter                    ; 00:00:39     ; 1.0                     ; 5555 MB             ; 00:00:48                           ;
; Assembler                 ; 00:00:06     ; 1.0                     ; 4706 MB             ; 00:00:06                           ;
; TimeQuest Timing Analyzer ; 00:00:07     ; 1.1                     ; 4874 MB             ; 00:00:07                           ;
; Total                     ; 00:02:16     ; --                      ; --                  ; 00:03:08                           ;
+---------------------------+--------------+-------------------------+---------------------+------------------------------------+


+-----------------------------------------------------------------------------------------+
; Flow OS Summary                                                                         ;
+---------------------------+------------------+------------+------------+----------------+
; Module Name               ; Machine Hostname ; OS Name    ; OS Version ; Processor type ;
+---------------------------+------------------+------------+------------+----------------+
; Analysis & Synthesis      ; DESKTOP-25TCLF9  ; Windows 10 ; 10.0       ; x86_64         ;
; Fitter                    ; DESKTOP-25TCLF9  ; Windows 10 ; 10.0       ; x86_64         ;
; Assembler                 ; DESKTOP-25TCLF9  ; Windows 10 ; 10.0       ; x86_64         ;
; TimeQuest Timing Analyzer ; DESKTOP-25TCLF9  ; Windows 10 ; 10.0       ; x86_64         ;
+---------------------------+------------------+------------+------------+----------------+


------------
; Flow Log ;
------------
quartus_map --read_settings_files=on --write_settings_files=off hw3 -c hw3
quartus_fit --read_settings_files=off --write_settings_files=off hw3 -c hw3
quartus_asm --read_settings_files=off --write_settings_files=off hw3 -c hw3
quartus_sta hw3 -c hw3



