01:32:21 **** Incremental Build of configuration Nios II for project hw5_bsp ****
make all 
[BSP build complete]
01:32:22 **** Incremental Build of configuration Nios II for project hw5 ****
make all 
Info: Building ../hw5_bsp/
C:/intelFPGA_lite/17.1/nios2eds/bin/gnu/H-x86_64-mingw32/bin/make --no-print-directory -C ../hw5_bsp/
[BSP build complete]
Info: Compiling hello_world_small.c to obj/default/hello_world_small.o
nios2-elf-gcc -xc -MP -MMD -c -I../hw5_bsp//HAL/inc -I../hw5_bsp/ -I../hw5_bsp//drivers/inc  -pipe -D__hal__ -DALT_NO_C_PLUS_PLUS -DALT_NO_CLEAN_EXIT -D'exit(a)=_exit(a)' -DALT_NO_EXIT -DALT_USE_DIRECT_DRIVERS -DALT_NO_INSTRUCTION_EMULATION -DALT_USE_SMALL_DRIVERS -DSMALL_C_LIB -DALT_SINGLE_THREADED    -Os -g -Wall   -mno-hw-div -mhw-mul -mno-hw-mulx -mgpopt=global  -o obj/default/hello_world_small.o hello_world_small.c
Info: Linking hw5.elf
nios2-elf-g++  -T'../hw5_bsp//linker.x' -msys-crt0='../hw5_bsp//obj/HAL/src/crt0.o' -msys-lib=hal_bsp -L../hw5_bsp/  -msmallc  -Wl,-Map=hw5.map   -Os -g -Wall   -mno-hw-div -mhw-mul -mno-hw-mulx -mgpopt=global  -o hw5.elf obj/default/hello_world_small.o -lm -msys-lib=m
nios2-elf-insert hw5.elf --thread_model hal --cpu_name hw3proc --qsys true --simulation_enabled false --id 0 --sidp 0x2100 --timestamp 1647366680 --stderr_dev jtag_uart_0 --stdin_dev jtag_uart_0 --stdout_dev jtag_uart_0 --sopc_system_name hw3proc --quartus_project_dir "D:/Spring_2022/ECE178-EmbeddedSystems/178hw3" --jdi ../..//output_files/hw3.jdi --sopcinfo D:/Spring_2022/ECE178-EmbeddedSystems/178hw3/software/hw5_bsp/../../hw3proc.sopcinfo
Info: (hw5.elf) 2412 Bytes program size (code + initialized data).
Info:           1488 Bytes free for stack + heap.
Info: Creating hw5.objdump
nios2-elf-objdump --disassemble --syms --all-header --source hw5.elf >hw5.objdump
[hw5 build complete]
01:32:43 **** Build of configuration Nios II for project hw5 ****
make all 
Info: Building ../hw5_bsp/
C:/intelFPGA_lite/17.1/nios2eds/bin/gnu/H-x86_64-mingw32/bin/make --no-print-directory -C ../hw5_bsp/
[BSP build complete]
[hw5 build complete]
01:32:45 **** Incremental Build of configuration Nios II for project hw5_bsp ****
make all 
[BSP build complete]
01:32:46 **** Incremental Build of configuration Nios II for project hw5 ****
make all 
Info: Building ../hw5_bsp/
C:/intelFPGA_lite/17.1/nios2eds/bin/gnu/H-x86_64-mingw32/bin/make --no-print-directory -C ../hw5_bsp/
[BSP build complete]
[hw5 build complete]
